[INFO ] 2018-05-28 18:02:13.757 [main] DemoApplication - Application start !
[INFO ] 2018-05-28 18:02:43.297 [main] DemoApplication - Application start !
[DEBUG] 2018-05-28 18:02:45.718 [http-nio-8080-exec-2] CamelConfig$DemoProcess - null
[INFO ] 2018-05-28 18:03:54.607 [main] DemoApplication - Application start !
[DEBUG] 2018-05-28 18:03:58.099 [http-nio-8080-exec-1] CamelConfig$DemoProcess - null
[INFO ] 2018-05-28 18:10:46.220 [main] DemoApplication - Application start !
[DEBUG] 2018-05-28 18:10:50.371 [http-nio-8080-exec-1] CamelConfig$DemoProcess - null
[DEBUG] 2018-05-28 18:10:53.532 [http-nio-8080-exec-2] CamelConfig$DemoProcess - null
[INFO ] 2018-05-28 18:11:35.031 [main] DemoApplication - Application start !
[DEBUG] 2018-05-28 18:11:37.800 [http-nio-8080-exec-1] CamelConfig$DemoProcess - null
[DEBUG] 2018-05-28 18:11:38.539 [http-nio-8080-exec-2] CamelConfig$DemoProcess - null
[INFO ] 2018-05-28 18:14:14.045 [main] DemoApplication - Application start !
[DEBUG] 2018-05-28 18:14:16.947 [http-nio-8080-exec-1] CamelConfig$DemoProcess - CamelConfig.DemoApiV1Request(requestValue=test)
[INFO ] 2018-05-28 18:15:49.089 [main] DemoApplication - Application start !
[INFO ] 2018-05-28 19:57:48.904 [main] DemoApplication - Application start !
[INFO ] 2018-05-28 21:41:43.416 [main] DemoApplication - Application start !
[INFO ] 2018-05-28 23:35:31.927 [main] DemoApplication - Application start !
[INFO ] 2018-05-28 23:41:29.622 [main] DemoApplication - Application start !
[INFO ] 2018-05-28 23:47:07.554 [main] DemoApplication - Application start !
[INFO ] 2018-05-29 00:57:20.405 [main] DemoApplication - Application start !
[INFO ] 2018-05-29 01:04:30.150 [main] DemoApplication - Application start !
[INFO ] 2018-05-29 01:25:58.440 [main] DemoApplication - Application start !
[INFO ] 2018-05-29 01:26:18.471 [main] DemoApplication - Application start !
[INFO ] 2018-05-29 01:59:27.983 [main] DemoApplication - Application start !
[INFO ] 2018-05-29 02:10:40.899 [main] DemoApplication - Application start !
[INFO ] 2018-05-29 02:12:08.206 [main] DemoApplication - Application start !
[INFO ] 2018-05-29 02:18:04.483 [main] DemoApplication - Application start !
[INFO ] 2018-05-29 02:19:26.466 [main] DemoApplication - Application start !
[INFO ] 2018-05-29 02:27:57.688 [main] DemoApplication - Application start !
[INFO ] 2018-05-29 14:29:08.421 [main] DemoApplication - Application start !
[INFO ] 2018-05-29 14:31:04.470 [main] DemoApplication - Application start !
[INFO ] 2018-05-29 15:11:17.635 [main] DemoApplication - Application start !
[INFO ] 2018-05-29 15:20:42.807 [main] DemoApplication - Application start !
[INFO ] 2018-05-29 15:22:05.679 [main] DemoApplication - Application start !
[INFO ] 2018-05-29 15:44:41.690 [main] DemoApplication - Application start !
[INFO ] 2018-05-29 15:53:58.172 [main] DemoApplication - Application start !
[INFO ] 2018-05-29 15:55:26.049 [main] DemoApplication - Application start !
[INFO ] 2018-05-29 16:28:09.083 [main] DemoApplication - Application start !
[INFO ] 2018-05-29 16:37:16.180 [main] DemoApplication - Application start !
[INFO ] 2018-05-29 16:38:36.577 [main] DemoApplication - Application start !
[INFO ] 2018-05-29 18:30:18.103 [main] DemoApplication - Application start !
[INFO ] 2018-05-29 18:30:35.108 [main] DemoApplication - Application start !
[INFO ] 2018-05-29 18:32:41.626 [main] DemoApplication - Application start !
[INFO ] 2018-05-29 21:37:50.689 [main] DemoApplication - Application start !
[INFO ] 2018-05-29 21:39:15.003 [main] DemoApplication - Application start !
[INFO ] 2018-05-29 21:41:07.400 [main] DemoApplication - Application start !
[INFO ] 2018-05-29 21:41:37.996 [main] DemoApplication - Application start !
[INFO ] 2018-05-29 21:45:19.498 [main] DemoApplication - Application start !
[INFO ] 2018-05-29 21:48:13.360 [main] DemoApplication - Application start !
[INFO ] 2018-06-10 21:20:46.232 [main] DemoApplication - Application start !
[INFO ] 2018-06-17 21:49:43.095 [main] DemoApplication - Application start !
[INFO ] 2018-06-17 21:56:17.251 [main] DemoApplication - Application start !
[INFO ] 2018-06-17 22:00:03.282 [main] DemoApplication - Application start !
[INFO ] 2018-06-17 22:10:20.156 [main] DemoApplication - Application start !
[INFO ] 2018-06-17 22:11:20.102 [main] DemoApplication - Application start !
[INFO ] 2018-06-17 22:12:21.912 [main] DemoApplication - Application start !
[INFO ] 2018-06-17 22:12:39.284 [main] DemoApplication - Application start !
[INFO ] 2018-06-17 22:16:35.064 [main] DemoApplication - Application start !
[INFO ] 2018-06-17 22:18:12.151 [main] DemoApplication - Application start !
[INFO ] 2018-06-17 22:18:33.176 [main] DemoApplication - Application start !
[INFO ] 2018-06-17 22:19:07.837 [main] DemoApplication - Application start !
[INFO ] 2018-06-17 22:47:03.444 [main] DemoApplication - Application start !
[INFO ] 2018-06-17 22:52:54.170 [main] DemoApplication - Application start !
[INFO ] 2018-06-17 22:53:44.266 [main] DemoApplication - Application start !
[INFO ] 2018-06-17 22:54:23.921 [main] DemoApplication - Application start !
[INFO ] 2018-06-17 22:55:41.460 [main] DemoApplication - Application start !
[INFO ] 2018-06-17 22:56:40.505 [main] DemoApplication - Application start !
[INFO ] 2018-06-17 22:56:54.937 [main] DemoApplication - Application start !
[INFO ] 2018-06-17 22:58:11.554 [main] DemoApplication - Application start !
[INFO ] 2018-06-17 22:58:36.787 [main] DemoApplication - Application start !
[INFO ] 2018-06-17 22:59:05.241 [main] DemoApplication - Application start !
[INFO ] 2018-06-17 23:01:33.117 [main] DemoApplication - Application start !
[INFO ] 2018-06-17 23:02:21.099 [main] DemoApplication - Application start !
[INFO ] 2018-06-17 23:08:11.574 [main] DemoApplication - Application start !
[INFO ] 2018-06-17 23:09:40.008 [main] DemoApplication - Application start !
[INFO ] 2018-06-17 23:10:56.798 [main] DemoApplication - Application start !
[INFO ] 2018-06-17 23:11:43.732 [main] DemoApplication - Application start !
[INFO ] 2018-06-17 23:12:08.164 [main] DemoApplication - Application start !
[INFO ] 2018-06-17 23:13:24.555 [main] DemoApplication - Application start !
[INFO ] 2018-06-17 23:14:29.151 [main] DemoApplication - Application start !
[INFO ] 2018-06-17 23:14:51.308 [main] DemoApplication - Application start !
[INFO ] 2018-06-17 23:15:15.336 [main] DemoApplication - Application start !
[INFO ] 2018-06-17 23:17:32.983 [main] DemoApplication - Application start !
[INFO ] 2018-06-17 23:36:20.088 [main] DemoApplication - Application start !
[INFO ] 2018-06-17 23:37:01.890 [main] DemoApplication - Application start !
[INFO ] 2018-06-17 23:37:12.063 [main] DemoApplication - Application start !
[INFO ] 2018-06-17 23:38:47.094 [main] DemoApplication - Application start !
[INFO ] 2018-06-17 23:40:31.616 [main] DemoApplication - Application start !
[INFO ] 2018-06-17 23:41:35.513 [main] DemoApplication - Application start !
[INFO ] 2018-06-17 23:42:54.053 [main] DemoApplication - Application start !
[INFO ] 2018-06-17 23:43:25.556 [main] DemoApplication - Application start !
[INFO ] 2018-06-17 23:43:55.845 [main] DemoApplication - Application start !
[INFO ] 2018-06-17 23:44:36.768 [main] DemoApplication - Application start !
[INFO ] 2018-06-17 23:47:34.809 [main] DemoApplication - Application start !
[INFO ] 2018-06-17 23:47:50.021 [main] DemoApplication - Application start !
[INFO ] 2018-06-17 23:50:39.708 [main] DemoApplication - Application start !
[INFO ] 2018-06-17 23:54:42.199 [main] DemoApplication - Application start !
[INFO ] 2018-06-17 23:55:35.510 [main] DemoApplication - Application start !
[INFO ] 2018-06-17 23:57:15.057 [main] DemoApplication - Application start !
[INFO ] 2018-06-18 00:03:20.349 [main] DemoApplication - Application start !
[INFO ] 2018-06-18 00:08:32.059 [main] DemoApplication - Application start !
[INFO ] 2018-06-18 00:09:23.713 [main] DemoApplication - Application start !
[INFO ] 2018-06-18 00:18:17.271 [main] DemoApplication - Application start !
[INFO ] 2018-06-18 00:19:40.443 [main] DemoApplication - Application start !
[INFO ] 2018-06-18 00:20:55.283 [main] DemoApplication - Application start !
[INFO ] 2018-06-18 00:23:03.428 [main] DemoApplication - Application start !
[INFO ] 2018-06-18 00:28:28.294 [main] DemoApplication - Application start !
[INFO ] 2018-06-18 21:41:14.037 [main] DemoApplication - Application start !
[INFO ] 2018-06-18 21:42:25.010 [main] DemoApplication - Application start !
[INFO ] 2018-06-18 21:42:59.428 [main] DemoApplication - Application start !
[INFO ] 2018-06-18 21:49:52.916 [main] DemoApplication - Application start !
[INFO ] 2018-06-18 22:02:07.109 [main] DemoApplication - Application start !
[INFO ] 2018-06-18 22:03:03.748 [main] DemoApplication - Application start !
[INFO ] 2018-06-18 22:17:08.401 [main] DemoApplication - Application start !
[INFO ] 2018-06-18 22:18:05.374 [main] DemoApplication - Application start !
[INFO ] 2018-06-18 22:19:24.330 [main] DemoApplication - Application start !
[INFO ] 2018-06-18 22:22:45.181 [main] DemoApplication - Application start !
[INFO ] 2018-06-18 22:23:54.122 [main] DemoApplication - Application start !
[INFO ] 2018-06-18 22:24:35.023 [main] DemoApplication - Application start !
[INFO ] 2018-06-18 22:25:20.619 [main] DemoApplication - Application start !
[INFO ] 2018-06-18 22:32:33.288 [main] DemoApplication - Application start !
[INFO ] 2018-06-19 23:22:02.275 [main] DemoApplication - Application start !
[INFO ] 2018-06-21 21:56:42.452 [main] DemoApplication - Application start !
[INFO ] 2018-06-21 23:40:09.217 [main] DemoApplication - Application start !
[INFO ] 2018-06-21 23:40:24.026 [main] DemoApplication - Application start !
[INFO ] 2018-06-21 23:50:11.095 [main] DemoApplication - Application start !
[INFO ] 2018-06-21 23:50:46.836 [main] DemoApplication - Application start !
[INFO ] 2018-06-22 00:02:05.886 [main] DemoApplication - Application start !
[INFO ] 2018-06-22 00:08:13.087 [main] DemoApplication - Application start !
[INFO ] 2018-06-22 00:08:28.327 [main] DemoApplication - Application start !
[INFO ] 2018-06-22 00:08:56.945 [main] DemoApplication - Application start !
[INFO ] 2018-06-22 00:13:20.698 [main] DemoApplication - Application start !
[INFO ] 2018-06-22 00:15:41.202 [main] DemoApplication - Application start !
[INFO ] 2018-06-22 00:16:58.771 [main] DemoApplication - Application start !
[INFO ] 2018-06-22 00:18:41.333 [main] DemoApplication - Application start !
[INFO ] 2018-06-22 00:19:46.496 [main] DemoApplication - Application start !
[INFO ] 2018-06-26 21:46:34.037 [main] DemoApplication - Application start !
[INFO ] 2018-06-28 00:30:32.337 [main] DemoApplication - Application start !
[INFO ] 2018-06-28 00:42:11.057 [main] DemoApplication - Application start !
[INFO ] 2018-06-28 00:44:11.775 [main] DemoApplication - Application start !
[INFO ] 2018-06-28 00:46:15.568 [main] DemoApplication - Application start !
[INFO ] 2018-06-28 00:46:38.774 [main] DemoApplication - Application start !
[INFO ] 2018-06-28 00:50:32.172 [main] DemoApplication - Application start !
[INFO ] 2018-06-28 00:50:37.622 [main] DemoApplication - Application start !
[INFO ] 2018-06-28 00:53:33.280 [main] DemoApplication - Application start !
[INFO ] 2018-06-28 00:54:13.626 [main] DemoApplication - Application start !
[INFO ] 2018-06-28 00:59:27.679 [main] DemoApplication - Application start !
[INFO ] 2018-06-28 01:00:49.272 [main] DemoApplication - Application start !
[INFO ] 2018-06-28 01:00:50.674 [http-nio-8080-exec-1] IdValidator - >>>null
[INFO ] 2018-06-28 01:07:11.491 [main] DemoApplication - Application start !
[INFO ] 2018-06-28 01:07:13.498 [http-nio-8080-exec-1] IdValidator - >>>null
[INFO ] 2018-06-28 01:07:53.380 [main] DemoApplication - Application start !
[INFO ] 2018-06-28 01:07:58.788 [http-nio-8080-exec-1] IdValidator - >>>@com.camel.demo.feature.spring.validate.validation.IsValidId(message=Value is out of range, groups=[], payload=[])
[INFO ] 2018-06-28 01:07:58.789 [http-nio-8080-exec-1] IdValidator - >>>null
[INFO ] 2018-06-28 01:08:34.997 [http-nio-8080-exec-2] IdValidator - >>>123
[INFO ] 2018-06-28 01:08:59.251 [http-nio-8080-exec-3] IdValidator - >>>123
[INFO ] 2018-06-28 01:09:30.766 [main] DemoApplication - Application start !
[INFO ] 2018-06-28 01:09:32.999 [http-nio-8080-exec-1] IdValidator - >>>123/false
[INFO ] 2018-06-28 01:14:29.366 [main] DemoApplication - Application start !
[INFO ] 2018-06-28 01:14:32.103 [http-nio-8080-exec-1] IdValidator - >>>123/true
[INFO ] 2018-06-28 01:14:35.975 [http-nio-8080-exec-2] IdValidator - >>>123sdf/false
[INFO ] 2018-06-28 01:15:19.751 [main] DemoApplication - Application start !
[INFO ] 2018-06-28 01:15:48.524 [main] DemoApplication - Application start !
[INFO ] 2018-06-28 01:18:10.181 [main] DemoApplication - Application start !
[INFO ] 2018-06-28 01:18:17.414 [main] DemoApplication - Application start !
[INFO ] 2018-06-28 01:18:41.795 [main] DemoApplication - Application start !
[INFO ] 2018-06-28 01:22:07.681 [main] DemoApplication - Application start !
[INFO ] 2018-06-28 01:24:02.016 [main] DemoApplication - Application start !
[INFO ] 2018-06-28 01:24:30.307 [main] DemoApplication - Application start !
[INFO ] 2018-06-28 01:27:44.979 [main] DemoApplication - Application start !
[INFO ] 2018-06-28 01:27:47.324 [http-nio-8080-exec-1] IdValidator - >>>asdasd/false
[INFO ] 2018-06-28 01:28:05.806 [http-nio-8080-exec-2] IdValidator - >>>123123/true
[INFO ] 2018-06-28 01:28:46.618 [main] DemoApplication - Application start !
[INFO ] 2018-06-28 01:28:51.832 [http-nio-8080-exec-1] IdValidator - @com.camel.demo.feature.spring.validate.validation.IsValidId(message=Value is out of range, groups=[], payload=[])
[INFO ] 2018-06-28 01:28:51.833 [http-nio-8080-exec-1] IdValidator - >>>123123/true
[INFO ] 2018-06-28 01:29:09.708 [main] DemoApplication - Application start !
[INFO ] 2018-06-28 01:29:11.751 [http-nio-8080-exec-1] IdValidator - >>>@com.camel.demo.feature.spring.validate.validation.IsValidId(message=Value is out of range, groups=[], payload=[])
[INFO ] 2018-06-28 01:29:11.752 [http-nio-8080-exec-1] IdValidator - >>>123123/true
[INFO ] 2018-06-28 01:29:23.535 [http-nio-8080-exec-2] IdValidator - >>>asd/false
[INFO ] 2018-06-28 01:33:33.006 [main] DemoApplication - Application start !
[INFO ] 2018-06-28 01:33:38.167 [http-nio-8080-exec-1] IdValidator - >>>@com.camel.demo.feature.spring.validate.validation.IsValidId(message=Value is out of range, groups=[], payload=[])
[INFO ] 2018-06-28 01:33:38.168 [http-nio-8080-exec-1] IdValidator - >>>asd/false
[INFO ] 2018-06-28 01:33:56.129 [http-nio-8080-exec-2] IdValidator - >>>123sdf/false
[INFO ] 2018-06-28 01:33:58.160 [http-nio-8080-exec-3] IdValidator - >>>123sdf/false
[INFO ] 2018-06-28 01:36:11.445 [main] DemoApplication - Application start !
[INFO ] 2018-06-28 01:36:23.455 [main] DemoApplication - Application start !
[INFO ] 2018-06-28 01:36:25.215 [http-nio-8080-exec-4] IdValidator - >>>@com.camel.demo.feature.spring.validate.validation.IsValidId(message=Value is out of range, groups=[], payload=[])
[INFO ] 2018-06-28 01:36:25.216 [http-nio-8080-exec-4] IdValidator - >>>/true
[INFO ] 2018-06-28 01:36:25.225 [http-nio-8080-exec-4] IdValidator - >>>/true
[INFO ] 2018-06-28 01:36:28.270 [http-nio-8080-exec-5] IdValidator - >>>/true
[INFO ] 2018-06-28 01:36:28.271 [http-nio-8080-exec-5] IdValidator - >>>/true
[INFO ] 2018-06-28 01:36:33.763 [http-nio-8080-exec-6] IdValidator - >>>hjkhjk/false
[INFO ] 2018-06-28 01:36:52.750 [http-nio-8080-exec-1] IdValidator - >>>/true
[INFO ] 2018-06-28 01:37:16.790 [http-nio-8080-exec-2] IdValidator - >>>asdasd/false
[INFO ] 2018-06-28 01:37:40.288 [http-nio-8080-exec-10] IdValidator - >>>asdasd/false
[INFO ] 2018-06-28 01:37:54.100 [main] DemoApplication - Application start !
[INFO ] 2018-06-28 01:37:55.950 [http-nio-8080-exec-1] IdValidator - >>>@com.camel.demo.feature.spring.validate.validation.IsValidId(message=Value is out of range, groups=[], payload=[])
[INFO ] 2018-06-28 01:37:55.950 [http-nio-8080-exec-1] IdValidator - >>>asdasd/false
[INFO ] 2018-06-28 01:38:18.443 [main] DemoApplication - Application start !
[INFO ] 2018-06-28 01:38:20.577 [http-nio-8080-exec-1] IdValidator - >>>@com.camel.demo.feature.spring.validate.validation.IsValidId(message=Value is out of range, groups=[], payload=[])
[INFO ] 2018-06-28 01:38:20.577 [http-nio-8080-exec-1] IdValidator - >>>asdasd/false
[INFO ] 2018-06-28 01:38:46.374 [http-nio-8080-exec-4] IdValidator - >>>asdasd/false
[INFO ] 2018-06-28 01:39:23.486 [main] DemoApplication - Application start !
[INFO ] 2018-06-28 01:39:25.683 [http-nio-8080-exec-1] IdValidator - >>>@com.camel.demo.feature.spring.validate.validation.IsValidId(message=Value is out of range, groups=[], payload=[])
[INFO ] 2018-06-28 01:39:43.475 [http-nio-8080-exec-2] IdValidator - >>>/true
[INFO ] 2018-06-28 01:40:06.658 [main] DemoApplication - Application start !
[INFO ] 2018-06-28 01:40:10.484 [http-nio-8080-exec-1] IdValidator - >>>@com.camel.demo.feature.spring.validate.validation.IsValidId(message=Value is out of range, groups=[], payload=[])
[INFO ] 2018-06-28 01:40:10.484 [http-nio-8080-exec-1] IdValidator - >>>/true
[INFO ] 2018-06-29 23:05:10.078 [main] DemoApplication - Application start !
[INFO ] 2018-06-29 23:05:32.721 [http-nio-8080-exec-1] IdValidator - >>> isValidId : @com.camel.demo.feature.spring.validate.validation.IsValidId(message=Value is out of range, groups=[], payload=[])
[INFO ] 2018-06-29 23:05:32.722 [http-nio-8080-exec-1] IdValidator - >>> value : /true
[INFO ] 2018-06-29 23:05:32.737 [http-nio-8080-exec-1] GlobalExceptionHandler - >>> EZ
[INFO ] 2018-06-29 23:07:30.908 [http-nio-8080-exec-2] IdValidator - >>> value : /true
[INFO ] 2018-06-29 23:07:30.909 [http-nio-8080-exec-2] IdValidator - >>> value : /true
[INFO ] 2018-06-29 23:08:11.458 [main] DemoApplication - Application start !
[INFO ] 2018-06-29 23:08:15.278 [http-nio-8080-exec-1] IdValidator - >>> isValidId : @com.camel.demo.feature.spring.validate.validation.IsValidId(message=Value is out of range, groups=[], payload=[])
[INFO ] 2018-06-29 23:08:15.278 [http-nio-8080-exec-1] IdValidator - >>> value : /true
[INFO ] 2018-06-29 23:08:15.294 [http-nio-8080-exec-1] GlobalExceptionHandler - >>> GG
[INFO ] 2018-06-29 23:16:27.337 [http-nio-8080-exec-2] IdValidator - >>> value : ฟหกฟ/false
[INFO ] 2018-06-29 23:16:27.338 [http-nio-8080-exec-2] GlobalExceptionHandler - >>> GG
[INFO ] 2018-06-29 23:32:50.562 [http-nio-8080-exec-3] IdValidator - >>> value : ฟหกฟ/false
[INFO ] 2018-06-29 23:32:50.562 [http-nio-8080-exec-3] GlobalExceptionHandler - >>> GG
[INFO ] 2018-06-30 00:10:41.519 [main] DemoApplication - Application start !
[INFO ] 2018-06-30 00:10:43.793 [http-nio-8080-exec-1] IdValidator - >>> isValidId : @com.camel.demo.feature.spring.validate.validation.IsValidId(message=GGEZ, groups=[], payload=[])
[INFO ] 2018-06-30 00:10:43.794 [http-nio-8080-exec-1] IdValidator - >>> value : ฟหกฟ/false
[INFO ] 2018-06-30 00:10:43.809 [http-nio-8080-exec-1] GlobalExceptionHandler - >>> GG
[INFO ] 2018-06-30 00:11:43.809 [main] DemoApplication - Application start !
[INFO ] 2018-06-30 00:11:47.526 [http-nio-8080-exec-1] IdValidator - >>> isValidId : @com.camel.demo.feature.spring.validate.validation.IsValidId(message=GGEZ, groups=[], payload=[])
[INFO ] 2018-06-30 00:11:47.526 [http-nio-8080-exec-1] IdValidator - >>> constraintValidatorContext : org.hibernate.validator.internal.engine.constraintvalidation.ConstraintValidatorContextImpl@5c06cdc1
[INFO ] 2018-06-30 00:11:47.527 [http-nio-8080-exec-1] IdValidator - >>> value : ฟหกฟ/false
[INFO ] 2018-06-30 00:11:47.550 [http-nio-8080-exec-1] GlobalExceptionHandler - >>> GG
[INFO ] 2018-06-30 01:09:44.689 [main] DemoApplication - Application start !
[INFO ] 2018-06-30 01:09:47.743 [http-nio-8080-exec-1] IdValidator - 
[INFO ] 2018-06-30 01:09:47.744 [http-nio-8080-exec-1] IdValidator - >>> value : ฟหกฟ/false
[INFO ] 2018-06-30 01:09:47.755 [http-nio-8080-exec-1] GlobalExceptionHandler - >>> GG
[INFO ] 2018-06-30 02:14:20.395 [main] DemoApplication - Application start !
[INFO ] 2018-06-30 02:14:25.259 [http-nio-8080-exec-1] IdValidator - >>> value : ฟหกฟ/false
[INFO ] 2018-06-30 02:14:25.272 [http-nio-8080-exec-1] GlobalExceptionHandler - >>> GG
[INFO ] 2018-06-30 02:15:03.696 [main] DemoApplication - Application start !
[INFO ] 2018-06-30 02:15:06.418 [http-nio-8080-exec-1] IdValidator - >>> value : ฟหกฟ/false
[INFO ] 2018-06-30 02:15:06.429 [http-nio-8080-exec-1] GlobalExceptionHandler - >>> GG
[INFO ] 2018-06-30 02:16:32.948 [http-nio-8080-exec-2] IdValidator - >>> value : ฟหกฟ/false
[INFO ] 2018-06-30 02:16:32.949 [http-nio-8080-exec-2] GlobalExceptionHandler - >>> GG
[INFO ] 2018-06-30 02:17:23.315 [main] DemoApplication - Application start !
[INFO ] 2018-06-30 02:17:26.977 [http-nio-8080-exec-1] IdValidator - >>> value : ฟหกฟ/false
[INFO ] 2018-06-30 02:17:26.990 [http-nio-8080-exec-1] GlobalExceptionHandler - >>> GG
[INFO ] 2018-06-30 02:27:46.239 [main] DemoApplication - Application start !
[INFO ] 2018-06-30 02:27:57.479 [http-nio-8080-exec-1] IdValidator - >>> value : ฟหกฟ/false
[INFO ] 2018-06-30 02:27:57.490 [http-nio-8080-exec-1] GlobalExceptionHandler - >>> GG
[INFO ] 2018-06-30 02:29:52.587 [main] DemoApplication - Application start !
[INFO ] 2018-06-30 02:29:56.648 [http-nio-8080-exec-1] IdValidator - >>> value : ฟหกฟ/false
[INFO ] 2018-06-30 02:29:56.659 [http-nio-8080-exec-1] GlobalExceptionHandler - >>> GG
[INFO ] 2018-06-30 02:29:59.071 [http-nio-8080-exec-2] IdValidator - >>> value : ฟหกฟ/false
[INFO ] 2018-06-30 02:29:59.072 [http-nio-8080-exec-2] GlobalExceptionHandler - >>> GG
[INFO ] 2018-06-30 02:30:00.762 [http-nio-8080-exec-3] IdValidator - >>> value : ฟหกฟ/false
[INFO ] 2018-06-30 02:30:00.762 [http-nio-8080-exec-3] GlobalExceptionHandler - >>> GG
[INFO ] 2018-06-30 02:30:01.643 [http-nio-8080-exec-4] IdValidator - >>> value : ฟหกฟ/false
[INFO ] 2018-06-30 02:30:01.643 [http-nio-8080-exec-4] GlobalExceptionHandler - >>> GG
[INFO ] 2018-06-30 02:30:02.887 [http-nio-8080-exec-6] IdValidator - >>> value : ฟหกฟ/false
[INFO ] 2018-06-30 02:30:02.887 [http-nio-8080-exec-6] GlobalExceptionHandler - >>> GG
[INFO ] 2018-06-30 02:30:04.678 [http-nio-8080-exec-7] IdValidator - >>> value : ฟหกฟ/false
[INFO ] 2018-06-30 02:30:04.678 [http-nio-8080-exec-7] GlobalExceptionHandler - >>> GG
[INFO ] 2018-06-30 02:31:53.999 [main] DemoApplication - Application start !
[INFO ] 2018-06-30 02:31:55.476 [http-nio-8080-exec-1] IdValidator - >>> value : ฟหกฟ/false
[INFO ] 2018-06-30 02:31:55.490 [http-nio-8080-exec-1] GlobalExceptionHandler - >>> GG
[INFO ] 2018-06-30 02:32:08.725 [main] DemoApplication - Application start !
[INFO ] 2018-06-30 02:36:34.606 [main] DemoApplication - Application start !
[INFO ] 2018-06-30 02:36:37.574 [http-nio-8080-exec-1] IdValidator - >>> value : /true
[INFO ] 2018-06-30 02:36:37.575 [http-nio-8080-exec-1] GlobalExceptionHandler - >>> EZ
[INFO ] 2018-06-30 02:37:04.506 [main] DemoApplication - Application start !
[INFO ] 2018-06-30 02:37:06.374 [http-nio-8080-exec-1] IdValidator - >>> value : /true
[INFO ] 2018-06-30 02:37:06.375 [http-nio-8080-exec-1] GlobalExceptionHandler - >>> EZ
[INFO ] 2018-06-30 02:37:12.156 [http-nio-8080-exec-2] IdValidator - >>> value : asdf/false
[INFO ] 2018-06-30 02:37:12.157 [http-nio-8080-exec-2] GlobalExceptionHandler - >>> EZ
[INFO ] 2018-06-30 02:41:50.130 [main] DemoApplication - Application start !
[INFO ] 2018-06-30 02:41:51.298 [http-nio-8080-exec-1] IdValidator - >>> value : asdf/false
[INFO ] 2018-06-30 02:41:51.316 [http-nio-8080-exec-1] GlobalExceptionHandler - >>> EZ
[INFO ] 2018-06-30 02:44:12.751 [main] DemoApplication - Application start !
[INFO ] 2018-06-30 02:44:14.446 [http-nio-8080-exec-1] IdValidator - >>> value : asdf/false
[INFO ] 2018-06-30 02:44:14.456 [http-nio-8080-exec-1] GlobalExceptionHandler - >>> EZ
[INFO ] 2018-06-30 02:54:53.214 [main] DemoApplication - Application start !
[INFO ] 2018-06-30 02:54:56.320 [http-nio-8080-exec-1] IdValidator - >>> value : asdf/false
[INFO ] 2018-06-30 02:54:56.333 [http-nio-8080-exec-1] GlobalExceptionHandler - >>> EZ
[INFO ] 2018-06-30 03:05:08.782 [main] DemoApplication - Application start !
[INFO ] 2018-06-30 03:05:17.196 [http-nio-8080-exec-1] IdValidator - >>> value : asdf/false
[INFO ] 2018-06-30 03:05:17.206 [http-nio-8080-exec-1] GlobalExceptionHandler - >>> EZ
[INFO ] 2018-06-30 03:05:23.992 [http-nio-8080-exec-2] IdValidator - >>> value : /true
[INFO ] 2018-06-30 03:05:23.992 [http-nio-8080-exec-2] GlobalExceptionHandler - >>> EZ
[INFO ] 2018-06-30 03:06:06.201 [http-nio-8080-exec-3] IdValidator - >>> value : ฟหกฟ/false
[INFO ] 2018-06-30 03:06:06.203 [http-nio-8080-exec-3] GlobalExceptionHandler - >>> GG
[INFO ] 2018-06-30 03:06:44.609 [main] DemoApplication - Application start !
[INFO ] 2018-06-30 03:06:47.178 [http-nio-8080-exec-1] IdValidator - >>> value : ฟหกฟ/false
[INFO ] 2018-06-30 03:06:47.192 [http-nio-8080-exec-1] GlobalExceptionHandler - >>> GG
[INFO ] 2018-06-30 03:06:52.236 [http-nio-8080-exec-2] IdValidator - >>> value : /true
[INFO ] 2018-06-30 03:06:52.238 [http-nio-8080-exec-2] GlobalExceptionHandler - >>> GG
[INFO ] 2018-06-30 03:07:10.535 [http-nio-8080-exec-3] IdValidator - >>> value : /true
[INFO ] 2018-06-30 03:07:10.536 [http-nio-8080-exec-3] GlobalExceptionHandler - >>> EZ
[INFO ] 2018-06-30 03:07:13.766 [http-nio-8080-exec-4] IdValidator - >>> value : redfg/false
[INFO ] 2018-06-30 03:07:13.766 [http-nio-8080-exec-4] GlobalExceptionHandler - >>> EZ
[INFO ] 2018-06-30 03:08:06.704 [main] DemoApplication - Application start !
[INFO ] 2018-06-30 03:08:09.478 [http-nio-8080-exec-1] IdValidator - >>> value : redfg/false
[INFO ] 2018-06-30 03:08:09.489 [http-nio-8080-exec-1] GlobalExceptionHandler - >>> EZ
[INFO ] 2018-06-30 03:08:14.193 [http-nio-8080-exec-2] IdValidator - >>> value : /true
[INFO ] 2018-06-30 03:08:14.193 [http-nio-8080-exec-2] GlobalExceptionHandler - >>> EZ
[INFO ] 2018-06-30 03:08:16.753 [http-nio-8080-exec-3] IdValidator - >>> value : /true
[INFO ] 2018-06-30 03:08:16.755 [http-nio-8080-exec-3] GlobalExceptionHandler - >>> GG
[INFO ] 2018-06-30 03:08:18.156 [http-nio-8080-exec-4] IdValidator - >>> value : /true
[INFO ] 2018-06-30 03:08:18.157 [http-nio-8080-exec-4] GlobalExceptionHandler - >>> GG
[INFO ] 2018-06-30 14:27:52.130 [main] DemoApplication - Application start !
[INFO ] 2018-06-30 14:27:54.152 [http-nio-8080-exec-1] IdValidator - >>> value : /true
[INFO ] 2018-06-30 14:41:45.985 [main] DemoApplication - Application start !
[INFO ] 2018-06-30 14:41:48.338 [http-nio-8080-exec-1] IdValidator - >>> value : /true
[INFO ] 2018-06-30 14:41:48.344 [http-nio-8080-exec-1] IdValidator - >>> value : /true
[INFO ] 2018-06-30 14:41:50.497 [http-nio-8080-exec-2] IdValidator - >>> value : /true
[INFO ] 2018-06-30 14:41:50.497 [http-nio-8080-exec-2] IdValidator - >>> value : /true
[INFO ] 2018-06-30 14:43:46.860 [main] DemoApplication - Application start !
[INFO ] 2018-06-30 14:43:50.767 [http-nio-8080-exec-1] IdValidator - >>> value : /true
[INFO ] 2018-06-30 14:44:01.326 [http-nio-8080-exec-2] IdValidator - >>> value : /true
[INFO ] 2018-06-30 16:49:23.640 [main] DemoApplication - Application start !
[INFO ] 2018-06-30 17:09:18.098 [main] DemoApplication - Application start !
[INFO ] 2018-06-30 17:09:45.906 [main] DemoApplication - Application start !
[INFO ] 2018-06-30 17:10:15.444 [main] DemoApplication - Application start !
[INFO ] 2018-06-30 17:12:30.562 [main] DemoApplication - Application start !
[INFO ] 2018-06-30 17:13:34.126 [main] DemoApplication - Application start !
[INFO ] 2018-06-30 17:13:45.519 [main] DemoApplication - Application start !
[INFO ] 2018-06-30 17:16:16.178 [main] DemoApplication - Application start !
[INFO ] 2018-06-30 17:22:17.077 [main] DemoApplication - Application start !
[INFO ] 2018-06-30 17:23:02.001 [main] DemoApplication - Application start !
[INFO ] 2018-06-30 17:23:50.397 [main] DemoApplication - Application start !
[INFO ] 2018-06-30 22:57:19.844 [main] DemoApplication - Application start !
[INFO ] 2018-06-30 23:00:31.272 [main] DemoApplication - Application start !
[INFO ] 2018-06-30 23:02:50.616 [main] DemoApplication - Application start !
[INFO ] 2018-06-30 23:05:02.806 [main] DemoApplication - Application start !
[INFO ] 2018-06-30 23:05:05.860 [http-nio-8080-exec-1] testController - This parameter can not be empty or null.
[INFO ] 2018-06-30 23:05:05.860 [http-nio-8080-exec-1] testController - This parameter can not be empty or null.
[INFO ] 2018-06-30 23:08:28.991 [main] DemoApplication - Application start !
[DEBUG] 2018-06-30 23:08:31.381 [http-nio-8080-exec-1] IdValidator - null
[INFO ] 2018-06-30 23:10:53.964 [main] DemoApplication - Application start !
[DEBUG] 2018-06-30 23:10:56.280 [http-nio-8080-exec-1] IdValidator - null
[DEBUG] 2018-06-30 23:10:56.282 [http-nio-8080-exec-1] IdValidator - null
[INFO ] 2018-06-30 23:10:56.283 [http-nio-8080-exec-1] testController - This parameter can not be empty or null.
[INFO ] 2018-06-30 23:10:56.283 [http-nio-8080-exec-1] testController - This parameter can not be empty or null.
[INFO ] 2018-06-30 23:12:29.722 [main] DemoApplication - Application start !
[INFO ] 2018-06-30 23:12:32.122 [http-nio-8080-exec-1] testController - This parameter can not be empty or null.
[INFO ] 2018-06-30 23:12:32.122 [http-nio-8080-exec-1] testController - This parameter can not be empty or null.
[INFO ] 2018-06-30 23:18:53.557 [main] DemoApplication - Application start !
[INFO ] 2018-07-01 00:04:49.861 [main] DemoApplication - Application start !
[INFO ] 2018-07-01 00:05:42.925 [main] DemoApplication - Application start !
[INFO ] 2018-07-01 00:06:09.772 [main] DemoApplication - Application start !
[INFO ] 2018-07-01 00:16:07.161 [main] DemoApplication - Application start !
